
2023-04-16 14:40:58 DEBUG TelegramBot:46 - Test Message
2023-04-16 14:46:44 DEBUG TelegramBot:45 - Test Message Log4j
2023-04-16 14:52:59 DEBUG TelegramBot:47 - Hello from Chat
2023-04-16 16:08:04 DEBUG UpdateProducerImpl:22 - Hello Test Message 2
2023-04-16 16:08:16 ERROR UpdateController:38 - Unsupported message type is received Update(updateId=589961646, message=null, inlineQuery=null, chosenInlineQuery=null, callbackQuery=null, editedMessage=Message(messageId=62, messageThreadId=null, from=User(id=587277861, firstName=Dmitrij, isBot=false, lastName=Kor, userName=corvik, languageCode=en, canJoinGroups=null, canReadAllGroupMessages=null, supportInlineQueries=null, isPremium=null, addedToAttachmentMenu=null), date=1681650441, chat=Chat(id=587277861, type=private, title=null, firstName=Dmitrij, lastName=Kor, userName=corvik, photo=null, description=null, inviteLink=null, pinnedMessage=null, stickerSetName=null, canSetStickerSet=null, permissions=null, slowModeDelay=null, bio=null, linkedChatId=null, location=null, messageAutoDeleteTime=null, hasPrivateForwards=null, HasProtectedContent=null, joinToSendMessages=null, joinByRequest=null, hasRestrictedVoiceAndVideoMessages=null, isForum=null, activeUsernames=null, emojiStatusCustomEmojiId=null, hasAggressiveAntiSpamEnabled=null, hasHiddenMembers=null), forwardFrom=null, forwardFromChat=null, forwardDate=null, text=Hello Test Message 22, entities=null, captionEntities=null, audio=null, document=null, photo=null, sticker=null, video=null, contact=null, location=null, venue=null, animation=null, pinnedMessage=null, newChatMembers=[], leftChatMember=null, newChatTitle=null, newChatPhoto=null, deleteChatPhoto=null, groupchatCreated=null, replyToMessage=null, voice=null, caption=null, superGroupCreated=null, channelChatCreated=null, migrateToChatId=null, migrateFromChatId=null, editDate=1681650495, game=null, forwardFromMessageId=null, invoice=null, successfulPayment=null, videoNote=null, authorSignature=null, forwardSignature=null, mediaGroupId=null, connectedWebsite=null, passportData=null, forwardSenderName=null, poll=null, replyMarkup=null, dice=null, viaBot=null, senderChat=null, proximityAlertTriggered=null, messageAutoDeleteTimerChanged=null, isAutomaticForward=null, hasProtectedContent=null, webAppData=null, videoChatStarted=null, videoChatEnded=null, videoChatParticipantsInvited=null, videoChatScheduled=null, isTopicMessage=null, forumTopicCreated=null, forumTopicClosed=null, forumTopicReopened=null, forumTopicEdited=null, generalForumTopicHidden=null, generalForumTopicUnhidden=null, writeAccessAllowed=null, hasMediaSpoiler=null, userShared=null, chatShared=null), channelPost=null, editedChannelPost=null, shippingQuery=null, preCheckoutQuery=null, poll=null, pollAnswer=null, myChatMember=null, chatMember=null, chatJoinRequest=null)
2023-04-16 16:13:27 DEBUG UpdateProducerImpl:22 - 
2023-04-16 16:14:19 DEBUG UpdateProducerImpl:22 - 
2023-04-17 21:36:37 DEBUG UpdateProducerImpl:21 - Hello 1
2023-04-18 19:57:50 DEBUG UpdateProducerImpl:21 - Hello from Chat!
2023-04-19 21:40:42 DEBUG UpdateProducerImpl:21 - Hello from Chat!
2023-04-19 22:12:48 DEBUG UpdateProducerImpl:21 - Hello
2023-04-19 22:16:23 DEBUG UpdateProducerImpl:21 - Hi
2023-04-20 22:03:08 DEBUG UpdateProducerImpl:21 - Hi
2023-04-20 22:08:43 DEBUG UpdateProducerImpl:21 - Hi
2023-04-25 20:36:37 DEBUG UpdateProducerImpl:21 - Hello TEST
2023-04-25 20:52:05 DEBUG UpdateProducerImpl:21 - Hello from CHAT !
2023-04-26 22:45:36 DEBUG UpdateProducerImpl:21 - Hello from AppUser
2023-05-05 20:57:30 DEBUG UpdateProducerImpl:21 - Hello from AppUser !!!
2023-05-10 13:07:25 ERROR UpdateController:38 - Unsupported message type is received Update(updateId=589961660, message=null, inlineQuery=null, chosenInlineQuery=null, callbackQuery=null, editedMessage=null, channelPost=null, editedChannelPost=null, shippingQuery=null, preCheckoutQuery=null, poll=null, pollAnswer=null, myChatMember=ChatMemberUpdated(chat=Chat(id=587277861, type=private, title=null, firstName=Dmitrij, lastName=Kor, userName=corvik, photo=null, description=null, inviteLink=null, pinnedMessage=null, stickerSetName=null, canSetStickerSet=null, permissions=null, slowModeDelay=null, bio=null, linkedChatId=null, location=null, messageAutoDeleteTime=null, hasPrivateForwards=null, HasProtectedContent=null, joinToSendMessages=null, joinByRequest=null, hasRestrictedVoiceAndVideoMessages=null, isForum=null, activeUsernames=null, emojiStatusCustomEmojiId=null, hasAggressiveAntiSpamEnabled=null, hasHiddenMembers=null), from=User(id=587277861, firstName=Dmitrij, isBot=false, lastName=Kor, userName=corvik, languageCode=null, canJoinGroups=null, canReadAllGroupMessages=null, supportInlineQueries=null, isPremium=null, addedToAttachmentMenu=null), date=1683713245, oldChatMember=ChatMemberMember(status=member, user=User(id=6144608074, firstName=GrandFatherService, isBot=true, lastName=null, userName=GrandFatherServiceBot, languageCode=null, canJoinGroups=null, canReadAllGroupMessages=null, supportInlineQueries=null, isPremium=null, addedToAttachmentMenu=null)), newChatMember=ChatMemberBanned(status=kicked, user=User(id=6144608074, firstName=GrandFatherService, isBot=true, lastName=null, userName=GrandFatherServiceBot, languageCode=null, canJoinGroups=null, canReadAllGroupMessages=null, supportInlineQueries=null, isPremium=null, addedToAttachmentMenu=null), untilDate=0), inviteLink=null), chatMember=null, chatJoinRequest=null)
2023-05-10 13:07:27 ERROR UpdateController:38 - Unsupported message type is received Update(updateId=589961661, message=null, inlineQuery=null, chosenInlineQuery=null, callbackQuery=null, editedMessage=null, channelPost=null, editedChannelPost=null, shippingQuery=null, preCheckoutQuery=null, poll=null, pollAnswer=null, myChatMember=ChatMemberUpdated(chat=Chat(id=587277861, type=private, title=null, firstName=Dmitrij, lastName=Kor, userName=corvik, photo=null, description=null, inviteLink=null, pinnedMessage=null, stickerSetName=null, canSetStickerSet=null, permissions=null, slowModeDelay=null, bio=null, linkedChatId=null, location=null, messageAutoDeleteTime=null, hasPrivateForwards=null, HasProtectedContent=null, joinToSendMessages=null, joinByRequest=null, hasRestrictedVoiceAndVideoMessages=null, isForum=null, activeUsernames=null, emojiStatusCustomEmojiId=null, hasAggressiveAntiSpamEnabled=null, hasHiddenMembers=null), from=User(id=587277861, firstName=Dmitrij, isBot=false, lastName=Kor, userName=corvik, languageCode=en, canJoinGroups=null, canReadAllGroupMessages=null, supportInlineQueries=null, isPremium=null, addedToAttachmentMenu=null), date=1683713247, oldChatMember=ChatMemberBanned(status=kicked, user=User(id=6144608074, firstName=GrandFatherService, isBot=true, lastName=null, userName=GrandFatherServiceBot, languageCode=null, canJoinGroups=null, canReadAllGroupMessages=null, supportInlineQueries=null, isPremium=null, addedToAttachmentMenu=null), untilDate=0), newChatMember=ChatMemberMember(status=member, user=User(id=6144608074, firstName=GrandFatherService, isBot=true, lastName=null, userName=GrandFatherServiceBot, languageCode=null, canJoinGroups=null, canReadAllGroupMessages=null, supportInlineQueries=null, isPremium=null, addedToAttachmentMenu=null)), inviteLink=null), chatMember=null, chatJoinRequest=null)
2023-05-10 13:07:27 DEBUG UpdateProducerImpl:21 - /start
2023-05-10 13:07:41 DEBUG UpdateProducerImpl:21 - /help
2023-05-10 13:07:54 DEBUG UpdateProducerImpl:21 - /registration
2023-05-10 13:07:56 DEBUG UpdateProducerImpl:21 - /cancel
2023-05-10 13:08:21 DEBUG UpdateProducerImpl:21 - /some_test_command
2023-05-10 13:11:35 DEBUG UpdateProducerImpl:21 - 
2023-05-10 13:12:23 DEBUG UpdateProducerImpl:21 - 
2023-05-10 13:13:20 DEBUG UpdateProducerImpl:21 - 
2023-05-10 13:14:59 DEBUG UpdateProducerImpl:21 - 
2023-05-10 13:19:24 DEBUG UpdateProducerImpl:21 - 
2023-05-10 13:19:35 DEBUG UpdateProducerImpl:21 - 
2023-05-11 22:20:07 DEBUG UpdateProducerImpl:21 - 
